# JRE version: Java(TM) SE Runtime Environment (17.0.10+11) (build 17.0.10+11-LTS-240)
# Java VM: Java HotSpot(TM) 64-Bit Server VM (17.0.10+11-LTS-240, mixed mode, emulated-client, sharing, tiered, compressed oops, compressed class ptrs, g1 gc, windows-amd64)
GC Precious Log:
 CPUs: 20 total, 20 available
 Memory: 32455M
 Large Page Support: Disabled
 NUMA Support: Disabled
 Compressed Oops: Enabled (Zero based)
 Heap Region Size: 4M
 Heap Min Capacity: 8M
 Heap Initial Capacity: 508M
 Heap Max Capacity: 8116M
 Pre-touch: Disabled
 Parallel Workers: 15
 Concurrent Workers: 4
 Concurrent Refinement Workers: 15
 Periodic GC: Disabled
Heap:
 garbage-first heap   total 765952K, used 550481K [0x0000000604c00000, 0x0000000800000000)
  region size 4096K, 107 young (438272K), 14 survivors (57344K)
 Metaspace       used 35562K, committed 36096K, reserved 1114112K
  class space    used 5097K, committed 5376K, reserved 1048576K
GC Heap History (20 events):
Event: 1.792 GC heap after
{Heap after GC invocations=8 (full 0):
 garbage-first heap   total 303104K, used 21595K [0x0000000604c00000, 0x0000000800000000)
  region size 4096K, 1 young (4096K), 1 survivors (4096K)
 Metaspace       used 29771K, committed 30272K, reserved 1114112K
  class space    used 4125K, committed 4352K, reserved 1048576K
}
Event: 2.074 GC heap before
{Heap before GC invocations=8 (full 0):
 garbage-first heap   total 303104K, used 193627K [0x0000000604c00000, 0x0000000800000000)
  region size 4096K, 44 young (180224K), 1 survivors (4096K)
 Metaspace       used 31105K, committed 31680K, reserved 1114112K
  class space    used 4291K, committed 4544K, reserved 1048576K
}
Event: 2.084 GC heap after
{Heap after GC invocations=9 (full 0):
 garbage-first heap   total 303104K, used 50321K [0x0000000604c00000, 0x0000000800000000)
  region size 4096K, 6 young (24576K), 6 survivors (24576K)
 Metaspace       used 31105K, committed 31680K, reserved 1114112K
  class space    used 4291K, committed 4544K, reserved 1048576K
}
Event: 2.174 GC heap before
{Heap before GC invocations=9 (full 0):
 garbage-first heap   total 303104K, used 173201K [0x0000000604c00000, 0x0000000800000000)
  region size 4096K, 37 young (151552K), 6 survivors (24576K)
 Metaspace       used 31105K, committed 31680K, reserved 1114112K
  class space    used 4291K, committed 4544K, reserved 1048576K
}
Event: 2.180 GC heap after
{Heap after GC invocations=10 (full 0):
 garbage-first heap   total 303104K, used 60395K [0x0000000604c00000, 0x0000000800000000)
  region size 4096K, 3 young (12288K), 3 survivors (12288K)
 Metaspace       used 31105K, committed 31680K, reserved 1114112K
  class space    used 4291K, committed 4544K, reserved 1048576K
}
Event: 2.263 GC heap before
{Heap before GC invocations=10 (full 0):
 garbage-first heap   total 303104K, used 187371K [0x0000000604c00000, 0x0000000800000000)
  region size 4096K, 35 young (143360K), 3 survivors (12288K)
 Metaspace       used 31105K, committed 31680K, reserved 1114112K
  class space    used 4291K, committed 4544K, reserved 1048576K
}
Event: 2.269 GC heap after
{Heap after GC invocations=11 (full 0):
 garbage-first heap   total 303104K, used 68731K [0x0000000604c00000, 0x0000000800000000)
  region size 4096K, 5 young (20480K), 5 survivors (20480K)
 Metaspace       used 31105K, committed 31680K, reserved 1114112K
  class space    used 4291K, committed 4544K, reserved 1048576K
}
Event: 2.357 GC heap before
{Heap before GC invocations=11 (full 0):
 garbage-first heap   total 303104K, used 203899K [0x0000000604c00000, 0x0000000800000000)
  region size 4096K, 39 young (159744K), 5 survivors (20480K)
 Metaspace       used 31105K, committed 31680K, reserved 1114112K
  class space    used 4291K, committed 4544K, reserved 1048576K
}
Event: 2.364 GC heap after
{Heap after GC invocations=12 (full 0):
 garbage-first heap   total 434176K, used 79171K [0x0000000604c00000, 0x0000000800000000)
  region size 4096K, 5 young (20480K), 5 survivors (20480K)
 Metaspace       used 31105K, committed 31680K, reserved 1114112K
  class space    used 4291K, committed 4544K, reserved 1048576K
}
Event: 2.521 GC heap before
{Heap before GC invocations=12 (full 0):
 garbage-first heap   total 434176K, used 312643K [0x0000000604c00000, 0x0000000800000000)
  region size 4096K, 63 young (258048K), 5 survivors (20480K)
 Metaspace       used 31185K, committed 31744K, reserved 1114112K
  class space    used 4298K, committed 4544K, reserved 1048576K
}
Event: 2.530 GC heap after
{Heap after GC invocations=13 (full 0):
 garbage-first heap   total 434176K, used 97259K [0x0000000604c00000, 0x0000000800000000)
  region size 4096K, 8 young (32768K), 8 survivors (32768K)
 Metaspace       used 31185K, committed 31744K, reserved 1114112K
  class space    used 4298K, committed 4544K, reserved 1048576K
}
Event: 2.646 GC heap before
{Heap before GC invocations=13 (full 0):
 garbage-first heap   total 434176K, used 314347K [0x0000000604c00000, 0x0000000800000000)
  region size 4096K, 62 young (253952K), 8 survivors (32768K)
 Metaspace       used 31185K, committed 31744K, reserved 1114112K
  class space    used 4298K, committed 4544K, reserved 1048576K
}
Event: 2.657 GC heap after
{Heap after GC invocations=14 (full 0):
 garbage-first heap   total 434176K, used 114293K [0x0000000604c00000, 0x0000000800000000)
  region size 4096K, 5 young (20480K), 5 survivors (20480K)
 Metaspace       used 31185K, committed 31744K, reserved 1114112K
  class space    used 4298K, committed 4544K, reserved 1048576K
}
Event: 2.796 GC heap before
{Heap before GC invocations=14 (full 0):
 garbage-first heap   total 434176K, used 323189K [0x0000000604c00000, 0x0000000800000000)
  region size 4096K, 57 young (233472K), 5 survivors (20480K)
 Metaspace       used 31185K, committed 31744K, reserved 1114112K
  class space    used 4298K, committed 4544K, reserved 1048576K
}
Event: 2.804 GC heap after
{Heap after GC invocations=15 (full 0):
 garbage-first heap   total 434176K, used 126823K [0x0000000604c00000, 0x0000000800000000)
  region size 4096K, 8 young (32768K), 8 survivors (32768K)
 Metaspace       used 31185K, committed 31744K, reserved 1114112K
  class space    used 4298K, committed 4544K, reserved 1048576K
}
Event: 2.937 GC heap before
{Heap before GC invocations=15 (full 0):
 garbage-first heap   total 434176K, used 331623K [0x0000000604c00000, 0x0000000800000000)
  region size 4096K, 59 young (241664K), 8 survivors (32768K)
 Metaspace       used 31185K, committed 31744K, reserved 1114112K
  class space    used 4298K, committed 4544K, reserved 1048576K
}
Event: 2.949 GC heap after
{Heap after GC invocations=16 (full 0):
 garbage-first heap   total 765952K, used 140901K [0x0000000604c00000, 0x0000000800000000)
  region size 4096K, 7 young (28672K), 7 survivors (28672K)
 Metaspace       used 31185K, committed 31744K, reserved 1114112K
  class space    used 4298K, committed 4544K, reserved 1048576K
}
Event: 3.246 GC heap before
{Heap before GC invocations=16 (full 0):
 garbage-first heap   total 765952K, used 570981K [0x0000000604c00000, 0x0000000800000000)
  region size 4096K, 112 young (458752K), 7 survivors (28672K)
 Metaspace       used 31185K, committed 31744K, reserved 1114112K
  class space    used 4298K, committed 4544K, reserved 1048576K
}
Event: 3.260 GC heap after
{Heap after GC invocations=17 (full 0):
 garbage-first heap   total 765952K, used 169553K [0x0000000604c00000, 0x0000000800000000)
  region size 4096K, 13 young (53248K), 13 survivors (53248K)
 Metaspace       used 31185K, committed 31744K, reserved 1114112K
  class space    used 4298K, committed 4544K, reserved 1048576K
}
Event: 3.702 GC heap before
{Heap before GC invocations=17 (full 0):
 garbage-first heap   total 765952K, used 542289K [0x0000000604c00000, 0x0000000800000000)
  region size 4096K, 106 young (434176K), 13 survivors (53248K)
 Metaspace       used 35562K, committed 36096K, reserved 1114112K
  class space    used 5097K, committed 5376K, reserved 1048576K
}

