# JRE version: Java(TM) SE Runtime Environment (17.0.10+11) (build 17.0.10+11-LTS-240)
# Java VM: Java HotSpot(TM) 64-Bit Server VM (17.0.10+11-LTS-240, mixed mode, sharing, tiered, compressed oops, compressed class ptrs, g1 gc, windows-amd64)
GC Precious Log:
 CPUs: 20 total, 20 available
 Memory: 32455M
 Large Page Support: Disabled
 NUMA Support: Disabled
 Compressed Oops: Enabled (Zero based)
 Heap Region Size: 4M
 Heap Min Capacity: 8M
 Heap Initial Capacity: 508M
 Heap Max Capacity: 8116M
 Pre-touch: Disabled
 Parallel Workers: 15
 Concurrent Workers: 4
 Concurrent Refinement Workers: 15
 Periodic GC: Disabled
Heap:
 garbage-first heap   total 311296K, used 57721K [0x0000000604c00000, 0x0000000800000000)
  region size 4096K, 10 young (40960K), 1 survivors (4096K)
 Metaspace       used 55281K, committed 55744K, reserved 1114112K
  class space    used 7631K, committed 7872K, reserved 1048576K
GC Heap History (20 events):
Event: 0.409 GC heap before
{Heap before GC invocations=0 (full 0):
 garbage-first heap   total 520192K, used 20480K [0x0000000604c00000, 0x0000000800000000)
  region size 4096K, 6 young (24576K), 0 survivors (0K)
 Metaspace       used 3930K, committed 4096K, reserved 1114112K
  class space    used 434K, committed 512K, reserved 1048576K
}
Event: 0.413 GC heap after
{Heap after GC invocations=1 (full 0):
 garbage-first heap   total 520192K, used 9682K [0x0000000604c00000, 0x0000000800000000)
  region size 4096K, 1 young (4096K), 1 survivors (4096K)
 Metaspace       used 3930K, committed 4096K, reserved 1114112K
  class space    used 434K, committed 512K, reserved 1048576K
}
Event: 0.772 GC heap before
{Heap before GC invocations=1 (full 0):
 garbage-first heap   total 520192K, used 30162K [0x0000000604c00000, 0x0000000800000000)
  region size 4096K, 6 young (24576K), 1 survivors (4096K)
 Metaspace       used 9110K, committed 9344K, reserved 1114112K
  class space    used 1137K, committed 1280K, reserved 1048576K
}
Event: 0.775 GC heap after
{Heap after GC invocations=2 (full 0):
 garbage-first heap   total 520192K, used 11169K [0x0000000604c00000, 0x0000000800000000)
  region size 4096K, 1 young (4096K), 1 survivors (4096K)
 Metaspace       used 9110K, committed 9344K, reserved 1114112K
  class space    used 1137K, committed 1280K, reserved 1048576K
}
Event: 1.424 GC heap before
{Heap before GC invocations=2 (full 0):
 garbage-first heap   total 520192K, used 64417K [0x0000000604c00000, 0x0000000800000000)
  region size 4096K, 15 young (61440K), 1 survivors (4096K)
 Metaspace       used 20696K, committed 20992K, reserved 1114112K
  class space    used 2691K, committed 2816K, reserved 1048576K
}
Event: 1.428 GC heap after
{Heap after GC invocations=3 (full 0):
 garbage-first heap   total 520192K, used 14608K [0x0000000604c00000, 0x0000000800000000)
  region size 4096K, 2 young (8192K), 2 survivors (8192K)
 Metaspace       used 20696K, committed 20992K, reserved 1114112K
  class space    used 2691K, committed 2816K, reserved 1048576K
}
Event: 1.485 GC heap before
{Heap before GC invocations=3 (full 0):
 garbage-first heap   total 520192K, used 18704K [0x0000000604c00000, 0x0000000800000000)
  region size 4096K, 4 young (16384K), 2 survivors (8192K)
 Metaspace       used 21231K, committed 21504K, reserved 1114112K
  class space    used 2755K, committed 2880K, reserved 1048576K
}
Event: 1.488 GC heap after
{Heap after GC invocations=4 (full 0):
 garbage-first heap   total 520192K, used 15654K [0x0000000604c00000, 0x0000000800000000)
  region size 4096K, 2 young (8192K), 2 survivors (8192K)
 Metaspace       used 21231K, committed 21504K, reserved 1114112K
  class space    used 2755K, committed 2880K, reserved 1048576K
}
Event: 2.183 GC heap before
{Heap before GC invocations=5 (full 0):
 garbage-first heap   total 98304K, used 64806K [0x0000000604c00000, 0x0000000800000000)
  region size 4096K, 14 young (57344K), 2 survivors (8192K)
 Metaspace       used 25886K, committed 26240K, reserved 1114112K
  class space    used 3302K, committed 3456K, reserved 1048576K
}
Event: 2.187 GC heap after
{Heap after GC invocations=6 (full 0):
 garbage-first heap   total 98304K, used 18837K [0x0000000604c00000, 0x0000000800000000)
  region size 4096K, 2 young (8192K), 2 survivors (8192K)
 Metaspace       used 25886K, committed 26240K, reserved 1114112K
  class space    used 3302K, committed 3456K, reserved 1048576K
}
Event: 2.277 GC heap before
{Heap before GC invocations=6 (full 0):
 garbage-first heap   total 98304K, used 22933K [0x0000000604c00000, 0x0000000800000000)
  region size 4096K, 3 young (12288K), 2 survivors (8192K)
 Metaspace       used 26339K, committed 26688K, reserved 1114112K
  class space    used 3360K, committed 3520K, reserved 1048576K
}
Event: 2.280 GC heap after
{Heap after GC invocations=7 (full 0):
 garbage-first heap   total 98304K, used 19121K [0x0000000604c00000, 0x0000000800000000)
  region size 4096K, 1 young (4096K), 1 survivors (4096K)
 Metaspace       used 26339K, committed 26688K, reserved 1114112K
  class space    used 3360K, committed 3520K, reserved 1048576K
}
Event: 3.129 GC heap before
{Heap before GC invocations=7 (full 0):
 garbage-first heap   total 98304K, used 60081K [0x0000000604c00000, 0x0000000800000000)
  region size 4096K, 11 young (45056K), 1 survivors (4096K)
 Metaspace       used 31557K, committed 31936K, reserved 1114112K
  class space    used 4098K, committed 4288K, reserved 1048576K
}
Event: 3.133 GC heap after
{Heap after GC invocations=8 (full 0):
 garbage-first heap   total 98304K, used 21544K [0x0000000604c00000, 0x0000000800000000)
  region size 4096K, 1 young (4096K), 1 survivors (4096K)
 Metaspace       used 31557K, committed 31936K, reserved 1114112K
  class space    used 4098K, committed 4288K, reserved 1048576K
}
Event: 3.487 GC heap before
{Heap before GC invocations=8 (full 0):
 garbage-first heap   total 98304K, used 37928K [0x0000000604c00000, 0x0000000800000000)
  region size 4096K, 6 young (24576K), 1 survivors (4096K)
 Metaspace       used 35597K, committed 35968K, reserved 1114112K
  class space    used 4727K, committed 4928K, reserved 1048576K
}
Event: 3.491 GC heap after
{Heap after GC invocations=9 (full 0):
 garbage-first heap   total 98304K, used 22263K [0x0000000604c00000, 0x0000000800000000)
  region size 4096K, 1 young (4096K), 1 survivors (4096K)
 Metaspace       used 35597K, committed 35968K, reserved 1114112K
  class space    used 4727K, committed 4928K, reserved 1048576K
}
Event: 4.068 GC heap before
{Heap before GC invocations=10 (full 0):
 garbage-first heap   total 98304K, used 67319K [0x0000000604c00000, 0x0000000800000000)
  region size 4096K, 12 young (49152K), 1 survivors (4096K)
 Metaspace       used 46282K, committed 46720K, reserved 1114112K
  class space    used 6205K, committed 6464K, reserved 1048576K
}
Event: 4.074 GC heap after
{Heap after GC invocations=11 (full 0):
 garbage-first heap   total 98304K, used 24840K [0x0000000604c00000, 0x0000000800000000)
  region size 4096K, 2 young (8192K), 2 survivors (8192K)
 Metaspace       used 46282K, committed 46720K, reserved 1114112K
  class space    used 6205K, committed 6464K, reserved 1048576K
}
Event: 4.119 GC heap before
{Heap before GC invocations=11 (full 0):
 garbage-first heap   total 98304K, used 24840K [0x0000000604c00000, 0x0000000800000000)
  region size 4096K, 3 young (12288K), 2 survivors (8192K)
 Metaspace       used 47660K, committed 48064K, reserved 1114112K
  class space    used 6496K, committed 6720K, reserved 1048576K
}
Event: 4.126 GC heap after
{Heap after GC invocations=12 (full 0):
 garbage-first heap   total 311296K, used 24953K [0x0000000604c00000, 0x0000000800000000)
  region size 4096K, 1 young (4096K), 1 survivors (4096K)
 Metaspace       used 47660K, committed 48064K, reserved 1114112K
  class space    used 6496K, committed 6720K, reserved 1048576K
}

